<?xml version="1.0" encoding="UTF-8"?>
<!-- Generated by org.testng.reporters.JUnitReportReporter -->
<testsuite hostname="DESKTOP-KLMG1D2" failures="0" tests="1" name="Basic.MyntraTest" time="94.467" errors="0" timestamp="2024-01-18T10:33:37 GMT-08:00" skipped="0">
  <testcase classname="Basic.MyntraTest" name="launchTest" time="94.467"/>
  <system-out/>
</testsuite> <!-- Basic.MyntraTest -->
